<?xml version="1.0" encoding="UTF-8"?>
<testng-results ignored="0" total="1" passed="1" failed="0" skipped="0">
  <reporter-output>
  </reporter-output>
  <suite started-at="2024-07-29T16:39:30 IST" name="Default suite" finished-at="2024-07-29T16:41:33 IST" duration-ms="123221">
    <groups>
    </groups>
    <test started-at="2024-07-29T16:39:30 IST" name="Default test" finished-at="2024-07-29T16:41:33 IST" duration-ms="123221">
      <class name="testsuite.Test_fdroid">
        <test-method is-config="true" signature="setup()[pri:0, instance:testsuite.Test_fdroid@4a883b15]" started-at="2024-07-29T16:39:30 IST" name="setup" finished-at="2024-07-29T16:39:49 IST" duration-ms="18959" status="PASS">
          <reporter-output>
          </reporter-output>
        </test-method> <!-- setup -->
        <test-method signature="test1()[pri:0, instance:testsuite.Test_fdroid@4a883b15]" started-at="2024-07-29T16:39:49 IST" name="test1" finished-at="2024-07-29T16:41:33 IST" duration-ms="104187" status="PASS">
          <reporter-output>
          </reporter-output>
        </test-method> <!-- test1 -->
      </class> <!-- testsuite.Test_fdroid -->
    </test> <!-- Default test -->
  </suite> <!-- Default suite -->
</testng-results>
